{"/Users/nahiyankamal/ayonious/console-table-docu/src/components/PageHeadLine/index.tsx": {"path":"/Users/nahiyankamal/ayonious/console-table-docu/src/components/PageHeadLine/index.tsx","statementMap":{"0":{"start":{"line":14,"column":20},"end":{"line":14,"column":69}},"1":{"start":{"line":14,"column":34},"end":{"line":14,"column":69}},"2":{"start":{"line":15,"column":22},"end":{"line":15,"column":55}},"3":{"start":{"line":15,"column":36},"end":{"line":15,"column":55}},"4":{"start":{"line":17,"column":25},"end":{"line":21,"column":1}},"5":{"start":{"line":18,"column":2},"end":{"line":20,"column":19}},"6":{"start":{"line":23,"column":20},"end":{"line":25,"column":1}},"7":{"start":{"line":24,"column":2},"end":{"line":24,"column":73}},"8":{"start":{"line":27,"column":21},"end":{"line":42,"column":1}},"9":{"start":{"line":28,"column":2},"end":{"line":41,"column":4}}},"fnMap":{"0":{"name":"(anonymous_0)","decl":{"start":{"line":14,"column":20},"end":{"line":14,"column":21}},"loc":{"start":{"line":14,"column":34},"end":{"line":14,"column":69}},"line":14},"1":{"name":"(anonymous_1)","decl":{"start":{"line":15,"column":22},"end":{"line":15,"column":23}},"loc":{"start":{"line":15,"column":36},"end":{"line":15,"column":55}},"line":15},"2":{"name":"(anonymous_2)","decl":{"start":{"line":17,"column":25},"end":{"line":17,"column":26}},"loc":{"start":{"line":18,"column":2},"end":{"line":20,"column":19}},"line":18},"3":{"name":"(anonymous_3)","decl":{"start":{"line":23,"column":20},"end":{"line":23,"column":21}},"loc":{"start":{"line":24,"column":2},"end":{"line":24,"column":73}},"line":24},"4":{"name":"(anonymous_4)","decl":{"start":{"line":27,"column":21},"end":{"line":27,"column":22}},"loc":{"start":{"line":27,"column":27},"end":{"line":42,"column":1}},"line":27}},"branchMap":{},"s":{"0":1,"1":8,"2":1,"3":8,"4":1,"5":4,"6":1,"7":4,"8":1,"9":4},"f":{"0":8,"1":8,"2":4,"3":4,"4":4},"b":{},"_coverageSchema":"1a1c01bbd47fc00a2c39e90264f33305004495a9","hash":"dce41e8d18b0bc7749df1527b4d0c9dff80b1f2c"}
,"/Users/nahiyankamal/ayonious/console-table-docu/src/components/PageHeadLine/styles.ts": {"path":"/Users/nahiyankamal/ayonious/console-table-docu/src/components/PageHeadLine/styles.ts","statementMap":{"0":{"start":{"line":4,"column":24},"end":{"line":8,"column":1}},"1":{"start":{"line":10,"column":27},"end":{"line":13,"column":1}},"2":{"start":{"line":15,"column":28},"end":{"line":18,"column":1}},"3":{"start":{"line":20,"column":28},"end":{"line":22,"column":1}},"4":{"start":{"line":24,"column":30},"end":{"line":38,"column":1}},"5":{"start":{"line":40,"column":35},"end":{"line":43,"column":1}}},"fnMap":{},"branchMap":{},"s":{"0":0,"1":0,"2":0,"3":0,"4":0,"5":0},"f":{},"b":{}}
,"/Users/nahiyankamal/ayonious/console-table-docu/src/components/Sources/index.tsx": {"path":"/Users/nahiyankamal/ayonious/console-table-docu/src/components/Sources/index.tsx","statementMap":{"0":{"start":{"line":7,"column":16},"end":{"line":20,"column":1}},"1":{"start":{"line":8,"column":17},"end":{"line":8,"column":37}},"2":{"start":{"line":9,"column":2},"end":{"line":19,"column":4}},"3":{"start":{"line":22,"column":16},"end":{"line":38,"column":1}},"4":{"start":{"line":23,"column":2},"end":{"line":37,"column":4}},"5":{"start":{"line":30,"column":16},"end":{"line":30,"column":48}}},"fnMap":{"0":{"name":"(anonymous_0)","decl":{"start":{"line":7,"column":16},"end":{"line":7,"column":17}},"loc":{"start":{"line":7,"column":54},"end":{"line":20,"column":1}},"line":7},"1":{"name":"(anonymous_1)","decl":{"start":{"line":22,"column":16},"end":{"line":22,"column":17}},"loc":{"start":{"line":22,"column":22},"end":{"line":38,"column":1}},"line":22},"2":{"name":"(anonymous_2)","decl":{"start":{"line":29,"column":27},"end":{"line":29,"column":28}},"loc":{"start":{"line":30,"column":16},"end":{"line":30,"column":48}},"line":30}},"branchMap":{"0":{"loc":{"start":{"line":11,"column":7},"end":{"line":15,"column":7}},"type":"binary-expr","locations":[{"start":{"line":11,"column":7},"end":{"line":11,"column":13}},{"start":{"line":12,"column":8},"end":{"line":14,"column":14}}],"line":11},"1":{"loc":{"start":{"line":25,"column":7},"end":{"line":35,"column":7}},"type":"binary-expr","locations":[{"start":{"line":25,"column":7},"end":{"line":25,"column":14}},{"start":{"line":25,"column":18},"end":{"line":25,"column":36}},{"start":{"line":26,"column":8},"end":{"line":34,"column":19}}],"line":25}},"s":{"0":1,"1":9,"2":9,"3":1,"4":3,"5":9},"f":{"0":9,"1":3,"2":9},"b":{"0":[9,9],"1":[3,3,3]},"_coverageSchema":"1a1c01bbd47fc00a2c39e90264f33305004495a9","hash":"5e1baceaba4b5263e61a6fbb2bb89952e06b9034"}
,"/Users/nahiyankamal/ayonious/console-table-docu/src/components/Sources/styles.ts": {"path":"/Users/nahiyankamal/ayonious/console-table-docu/src/components/Sources/styles.ts","statementMap":{"0":{"start":{"line":3,"column":24},"end":{"line":8,"column":1}},"1":{"start":{"line":10,"column":28},"end":{"line":13,"column":1}}},"fnMap":{},"branchMap":{},"s":{"0":0,"1":0},"f":{},"b":{}}
,"/Users/nahiyankamal/ayonious/console-table-docu/src/css/variables.ts": {"path":"/Users/nahiyankamal/ayonious/console-table-docu/src/css/variables.ts","statementMap":{"0":{"start":{"line":1,"column":28},"end":{"line":1,"column":47}}},"fnMap":{},"branchMap":{},"s":{"0":0},"f":{},"b":{}}
,"/Users/nahiyankamal/ayonious/console-table-docu/src/pages/index.tsx": {"path":"/Users/nahiyankamal/ayonious/console-table-docu/src/pages/index.tsx","statementMap":{"0":{"start":{"line":8,"column":13},"end":{"line":18,"column":1}},"1":{"start":{"line":9,"column":25},"end":{"line":9,"column":47}},"2":{"start":{"line":10,"column":2},"end":{"line":17,"column":4}}},"fnMap":{"0":{"name":"(anonymous_0)","decl":{"start":{"line":8,"column":13},"end":{"line":8,"column":14}},"loc":{"start":{"line":8,"column":19},"end":{"line":18,"column":1}},"line":8}},"branchMap":{},"s":{"0":1,"1":3,"2":3},"f":{"0":3},"b":{},"_coverageSchema":"1a1c01bbd47fc00a2c39e90264f33305004495a9","hash":"60cb8ecb6bc75e12338818e8564d2c16c1d8a8d4"}
,"/Users/nahiyankamal/ayonious/console-table-docu/src/utils/sources.tsx": {"path":"/Users/nahiyankamal/ayonious/console-table-docu/src/utils/sources.tsx","statementMap":{"0":{"start":{"line":3,"column":16},"end":{"line":24,"column":1}}},"fnMap":{},"branchMap":{},"s":{"0":1},"f":{},"b":{},"_coverageSchema":"1a1c01bbd47fc00a2c39e90264f33305004495a9","hash":"d00b0f02a67608f9a488d242afcb0a101486ec8e"}
}
