{"/Users/nahiyankamal/ayonious/console-table-docu/src/components/PageHeadLine/index.tsx": {"path":"/Users/nahiyankamal/ayonious/console-table-docu/src/components/PageHeadLine/index.tsx","statementMap":{"0":{"start":{"line":14,"column":20},"end":{"line":14,"column":69}},"1":{"start":{"line":14,"column":34},"end":{"line":14,"column":69}},"2":{"start":{"line":15,"column":22},"end":{"line":15,"column":55}},"3":{"start":{"line":15,"column":36},"end":{"line":15,"column":55}},"4":{"start":{"line":17,"column":25},"end":{"line":21,"column":1}},"5":{"start":{"line":18,"column":2},"end":{"line":20,"column":19}},"6":{"start":{"line":23,"column":20},"end":{"line":25,"column":1}},"7":{"start":{"line":24,"column":2},"end":{"line":24,"column":73}},"8":{"start":{"line":27,"column":21},"end":{"line":42,"column":1}},"9":{"start":{"line":28,"column":2},"end":{"line":41,"column":4}}},"fnMap":{"0":{"name":"(anonymous_0)","decl":{"start":{"line":14,"column":20},"end":{"line":14,"column":21}},"loc":{"start":{"line":14,"column":34},"end":{"line":14,"column":69}},"line":14},"1":{"name":"(anonymous_1)","decl":{"start":{"line":15,"column":22},"end":{"line":15,"column":23}},"loc":{"start":{"line":15,"column":36},"end":{"line":15,"column":55}},"line":15},"2":{"name":"(anonymous_2)","decl":{"start":{"line":17,"column":25},"end":{"line":17,"column":26}},"loc":{"start":{"line":18,"column":2},"end":{"line":20,"column":19}},"line":18},"3":{"name":"(anonymous_3)","decl":{"start":{"line":23,"column":20},"end":{"line":23,"column":21}},"loc":{"start":{"line":24,"column":2},"end":{"line":24,"column":73}},"line":24},"4":{"name":"(anonymous_4)","decl":{"start":{"line":27,"column":21},"end":{"line":27,"column":22}},"loc":{"start":{"line":27,"column":27},"end":{"line":42,"column":1}},"line":27}},"branchMap":{},"s":{"0":1,"1":10,"2":1,"3":10,"4":1,"5":5,"6":1,"7":5,"8":1,"9":5},"f":{"0":10,"1":10,"2":5,"3":5,"4":5},"b":{},"_coverageSchema":"1a1c01bbd47fc00a2c39e90264f33305004495a9","hash":"dce41e8d18b0bc7749df1527b4d0c9dff80b1f2c"}
,"/Users/nahiyankamal/ayonious/console-table-docu/src/components/PageHeadLine/styles.ts": {"path":"/Users/nahiyankamal/ayonious/console-table-docu/src/components/PageHeadLine/styles.ts","statementMap":{"0":{"start":{"line":4,"column":24},"end":{"line":8,"column":1}},"1":{"start":{"line":10,"column":27},"end":{"line":13,"column":1}},"2":{"start":{"line":15,"column":28},"end":{"line":18,"column":1}},"3":{"start":{"line":20,"column":28},"end":{"line":22,"column":1}},"4":{"start":{"line":24,"column":30},"end":{"line":38,"column":1}},"5":{"start":{"line":40,"column":35},"end":{"line":43,"column":1}}},"fnMap":{},"branchMap":{},"s":{"0":1,"1":1,"2":1,"3":1,"4":1,"5":1},"f":{},"b":{},"_coverageSchema":"1a1c01bbd47fc00a2c39e90264f33305004495a9","hash":"87a69c31c8b713e33449d2f3b841ff2d1d724b1c"}
,"/Users/nahiyankamal/ayonious/console-table-docu/src/components/Sources/index.tsx": {"path":"/Users/nahiyankamal/ayonious/console-table-docu/src/components/Sources/index.tsx","statementMap":{"0":{"start":{"line":7,"column":16},"end":{"line":20,"column":1}},"1":{"start":{"line":8,"column":17},"end":{"line":8,"column":37}},"2":{"start":{"line":9,"column":2},"end":{"line":19,"column":4}},"3":{"start":{"line":22,"column":16},"end":{"line":38,"column":1}},"4":{"start":{"line":23,"column":2},"end":{"line":37,"column":4}},"5":{"start":{"line":30,"column":16},"end":{"line":30,"column":48}}},"fnMap":{"0":{"name":"(anonymous_0)","decl":{"start":{"line":7,"column":16},"end":{"line":7,"column":17}},"loc":{"start":{"line":7,"column":54},"end":{"line":20,"column":1}},"line":7},"1":{"name":"(anonymous_1)","decl":{"start":{"line":22,"column":16},"end":{"line":22,"column":17}},"loc":{"start":{"line":22,"column":22},"end":{"line":38,"column":1}},"line":22},"2":{"name":"(anonymous_2)","decl":{"start":{"line":29,"column":27},"end":{"line":29,"column":28}},"loc":{"start":{"line":30,"column":16},"end":{"line":30,"column":48}},"line":30}},"branchMap":{"0":{"loc":{"start":{"line":11,"column":7},"end":{"line":15,"column":7}},"type":"binary-expr","locations":[{"start":{"line":11,"column":7},"end":{"line":11,"column":13}},{"start":{"line":12,"column":8},"end":{"line":14,"column":14}}],"line":11},"1":{"loc":{"start":{"line":25,"column":7},"end":{"line":35,"column":7}},"type":"binary-expr","locations":[{"start":{"line":25,"column":7},"end":{"line":25,"column":14}},{"start":{"line":25,"column":18},"end":{"line":25,"column":36}},{"start":{"line":26,"column":8},"end":{"line":34,"column":19}}],"line":25}},"s":{"0":1,"1":18,"2":18,"3":1,"4":6,"5":18},"f":{"0":18,"1":6,"2":18},"b":{"0":[18,18],"1":[6,6,6]},"_coverageSchema":"1a1c01bbd47fc00a2c39e90264f33305004495a9","hash":"5e1baceaba4b5263e61a6fbb2bb89952e06b9034"}
,"/Users/nahiyankamal/ayonious/console-table-docu/src/components/Sources/styles.ts": {"path":"/Users/nahiyankamal/ayonious/console-table-docu/src/components/Sources/styles.ts","statementMap":{"0":{"start":{"line":3,"column":24},"end":{"line":8,"column":1}},"1":{"start":{"line":10,"column":28},"end":{"line":13,"column":1}}},"fnMap":{},"branchMap":{},"s":{"0":1,"1":1},"f":{},"b":{},"_coverageSchema":"1a1c01bbd47fc00a2c39e90264f33305004495a9","hash":"9d18755df0b47ead60101fc3adaf9e01c550b712"}
,"/Users/nahiyankamal/ayonious/console-table-docu/src/css/variables.ts": {"path":"/Users/nahiyankamal/ayonious/console-table-docu/src/css/variables.ts","statementMap":{"0":{"start":{"line":1,"column":28},"end":{"line":1,"column":47}}},"fnMap":{},"branchMap":{},"s":{"0":2},"f":{},"b":{},"_coverageSchema":"1a1c01bbd47fc00a2c39e90264f33305004495a9","hash":"ebfc9994c9afd2b776cdb4a673300f9e521afa59"}
,"/Users/nahiyankamal/ayonious/console-table-docu/src/pages/index.tsx": {"path":"/Users/nahiyankamal/ayonious/console-table-docu/src/pages/index.tsx","statementMap":{"0":{"start":{"line":8,"column":13},"end":{"line":18,"column":1}},"1":{"start":{"line":9,"column":25},"end":{"line":9,"column":47}},"2":{"start":{"line":10,"column":2},"end":{"line":17,"column":4}}},"fnMap":{"0":{"name":"(anonymous_0)","decl":{"start":{"line":8,"column":13},"end":{"line":8,"column":14}},"loc":{"start":{"line":8,"column":19},"end":{"line":18,"column":1}},"line":8}},"branchMap":{},"s":{"0":1,"1":3,"2":3},"f":{"0":3},"b":{},"_coverageSchema":"1a1c01bbd47fc00a2c39e90264f33305004495a9","hash":"60cb8ecb6bc75e12338818e8564d2c16c1d8a8d4"}
,"/Users/nahiyankamal/ayonious/console-table-docu/src/test-utils/test-utils.tsx": {"path":"/Users/nahiyankamal/ayonious/console-table-docu/src/test-utils/test-utils.tsx","statementMap":{"0":{"start":{"line":5,"column":14},"end":{"line":9,"column":1}},"1":{"start":{"line":11,"column":24},"end":{"line":17,"column":1}},"2":{"start":{"line":12,"column":2},"end":{"line":16,"column":4}},"3":{"start":{"line":19,"column":21},"end":{"line":20,"column":54}},"4":{"start":{"line":20,"column":2},"end":{"line":20,"column":54}}},"fnMap":{"0":{"name":"(anonymous_0)","decl":{"start":{"line":11,"column":24},"end":{"line":11,"column":25}},"loc":{"start":{"line":11,"column":73},"end":{"line":17,"column":1}},"line":11},"1":{"name":"(anonymous_1)","decl":{"start":{"line":19,"column":21},"end":{"line":19,"column":22}},"loc":{"start":{"line":20,"column":2},"end":{"line":20,"column":54}},"line":20}},"branchMap":{"0":{"loc":{"start":{"line":19,"column":46},"end":{"line":19,"column":58}},"type":"default-arg","locations":[{"start":{"line":19,"column":56},"end":{"line":19,"column":58}}],"line":19}},"s":{"0":2,"1":2,"2":11,"3":2,"4":11},"f":{"0":11,"1":11},"b":{"0":[11]},"_coverageSchema":"1a1c01bbd47fc00a2c39e90264f33305004495a9","hash":"e36894cb6551cf701e0022b493704a77bd055a5a"}
,"/Users/nahiyankamal/ayonious/console-table-docu/src/utils/sources.tsx": {"path":"/Users/nahiyankamal/ayonious/console-table-docu/src/utils/sources.tsx","statementMap":{"0":{"start":{"line":3,"column":16},"end":{"line":24,"column":1}}},"fnMap":{},"branchMap":{},"s":{"0":1},"f":{},"b":{},"_coverageSchema":"1a1c01bbd47fc00a2c39e90264f33305004495a9","hash":"d00b0f02a67608f9a488d242afcb0a101486ec8e"}
}
