TN:
SF:src/components/PageHeadLine/index.tsx
FN:14,(anonymous_0)
FN:15,(anonymous_1)
FN:17,(anonymous_2)
FN:23,(anonymous_3)
FN:27,(anonymous_4)
FNF:5
FNH:5
FNDA:10,(anonymous_0)
FNDA:10,(anonymous_1)
FNDA:5,(anonymous_2)
FNDA:5,(anonymous_3)
FNDA:5,(anonymous_4)
DA:14,10
DA:15,10
DA:17,1
DA:18,5
DA:23,1
DA:24,5
DA:27,1
DA:28,5
LF:8
LH:8
BRF:0
BRH:0
end_of_record
TN:
SF:src/components/PageHeadLine/styles.ts
FNF:0
FNH:0
DA:4,1
DA:10,1
DA:15,1
DA:20,1
DA:24,1
DA:40,1
LF:6
LH:6
BRF:0
BRH:0
end_of_record
TN:
SF:src/components/Sources/index.tsx
FN:7,(anonymous_0)
FN:22,(anonymous_1)
FN:29,(anonymous_2)
FNF:3
FNH:3
FNDA:18,(anonymous_0)
FNDA:6,(anonymous_1)
FNDA:18,(anonymous_2)
DA:7,1
DA:8,18
DA:9,18
DA:22,1
DA:23,6
DA:30,18
LF:6
LH:6
BRDA:11,0,0,18
BRDA:11,0,1,18
BRDA:25,1,0,6
BRDA:25,1,1,6
BRDA:25,1,2,6
BRF:5
BRH:5
end_of_record
TN:
SF:src/components/Sources/styles.ts
FNF:0
FNH:0
DA:3,1
DA:10,1
LF:2
LH:2
BRF:0
BRH:0
end_of_record
TN:
SF:src/css/variables.ts
FNF:0
FNH:0
DA:1,2
LF:1
LH:1
BRF:0
BRH:0
end_of_record
TN:
SF:src/pages/index.tsx
FN:8,(anonymous_0)
FNF:1
FNH:1
FNDA:3,(anonymous_0)
DA:8,1
DA:9,3
DA:10,3
LF:3
LH:3
BRF:0
BRH:0
end_of_record
TN:
SF:src/test-utils/test-utils.tsx
FN:11,(anonymous_0)
FN:19,(anonymous_1)
FNF:2
FNH:2
FNDA:11,(anonymous_0)
FNDA:11,(anonymous_1)
DA:5,2
DA:11,2
DA:12,11
DA:19,2
DA:20,11
LF:5
LH:5
BRDA:19,0,0,11
BRF:1
BRH:1
end_of_record
TN:
SF:src/utils/sources.tsx
FNF:0
FNH:0
DA:3,1
LF:1
LH:1
BRF:0
BRH:0
end_of_record
