TN:
SF:src/components/PageHeadLine/index.tsx
FN:14,(anonymous_0)
FN:15,(anonymous_1)
FN:17,(anonymous_2)
FN:23,(anonymous_3)
FN:27,(anonymous_4)
FNF:5
FNH:5
FNDA:8,(anonymous_0)
FNDA:8,(anonymous_1)
FNDA:4,(anonymous_2)
FNDA:4,(anonymous_3)
FNDA:4,(anonymous_4)
DA:14,8
DA:15,8
DA:17,1
DA:18,4
DA:23,1
DA:24,4
DA:27,1
DA:28,4
LF:8
LH:8
BRF:0
BRH:0
end_of_record
TN:
SF:src/components/PageHeadLine/styles.ts
FNF:0
FNH:0
DA:4,0
DA:10,0
DA:15,0
DA:20,0
DA:24,0
DA:40,0
LF:6
LH:0
BRF:0
BRH:0
end_of_record
TN:
SF:src/components/Sources/index.tsx
FN:7,(anonymous_0)
FN:22,(anonymous_1)
FN:29,(anonymous_2)
FNF:3
FNH:3
FNDA:9,(anonymous_0)
FNDA:3,(anonymous_1)
FNDA:9,(anonymous_2)
DA:7,1
DA:8,9
DA:9,9
DA:22,1
DA:23,3
DA:30,9
LF:6
LH:6
BRDA:11,0,0,9
BRDA:11,0,1,9
BRDA:25,1,0,3
BRDA:25,1,1,3
BRDA:25,1,2,3
BRF:5
BRH:5
end_of_record
TN:
SF:src/components/Sources/styles.ts
FNF:0
FNH:0
DA:3,0
DA:10,0
LF:2
LH:0
BRF:0
BRH:0
end_of_record
TN:
SF:src/css/variables.ts
FNF:0
FNH:0
DA:1,0
LF:1
LH:0
BRF:0
BRH:0
end_of_record
TN:
SF:src/pages/index.tsx
FN:8,(anonymous_0)
FNF:1
FNH:1
FNDA:3,(anonymous_0)
DA:8,1
DA:9,3
DA:10,3
LF:3
LH:3
BRF:0
BRH:0
end_of_record
TN:
SF:src/utils/sources.tsx
FNF:0
FNH:0
DA:3,1
LF:1
LH:1
BRF:0
BRH:0
end_of_record
